[33m#######################################################################[0m
[33mMEGA-LINTER HAS A NEW V5 VERSION at https://github.com/megalinter/megalinter. Please upgrade to it by:[0m
[33m- Running the command at the root of your repo (requires node.js): npx mega-linter-runner --upgrade[0m
[33m- Replace versions used by latest (v5 latest stable version) or beta (previously 'insiders', content of master branch of megalinter/megalinter)[0m
[33m#######################################################################[0m
----------------------------------------------------------------------------------------------------
------------------------------------------- Mega-Linter --------------------------------------------
----------------------------------------------------------------------------------------------------
 - Image Creation Date: 2021-10-30T09:03:14Z
 - Image Revision: 2195c5e7
 - Image Version: v4
----------------------------------------------------------------------------------------------------
The Mega-Linter documentation can be found at:
 - https://nvuillam.github.io/mega-linter
----------------------------------------------------------------------------------------------------
GITHUB_REPOSITORY: OCSInventory-NG/OCSInventory-Server
GITHUB_REF: refs/pull/401/merge
GITHUB_RUN_ID: 2911252167


[Activation] EDITORCONFIG_EDITORCONFIG_CHECKER has been set inactive, as none of these files has been found: ['.editorconfig']
[Activation] JAVASCRIPT_ES has been set inactive, as none of these files has been found: ['.eslintrc.json', '.eslintrc.yml', '.eslintrc.yaml', '.eslintrc.js', '.eslintrc.cjs']
[Activation] JSX_ESLINT has been set inactive, as none of these files has been found: ['.eslintrc.json', '.eslintrc.yml', '.eslintrc.yaml', '.eslintrc.js', '.eslintrc.cjs']
[Activation] SWIFT_SWIFTLINT has been set inactive, as none of these files has been found: ['.swiftlint.yml']
[Activation] TSX_ESLINT has been set inactive, as none of these files has been found: ['.eslintrc.json', '.eslintrc.yml', '.eslintrc.yaml', '.eslintrc.js', '.eslintrc.cjs']
[Activation] TYPESCRIPT_ES has been set inactive, as none of these files has been found: ['.eslintrc.json', '.eslintrc.yml', '.eslintrc.yaml', '.eslintrc.js', '.eslintrc.cjs']
Skipped linters: ANSIBLE_ANSIBLE_LINT, BASH_SHELLCHECK, COPYPASTE_JSCPD, EDITORCONFIG_EDITORCONFIG_CHECKER, JAVASCRIPT_ES, JAVASCRIPT_PRETTIER, JSON_V8R, JSX_ESLINT, KUBERNETES_KUBEVAL, MARKDOWN_REMARK_LINT, SALESFORCE_SFDX_SCANNER_APEX, SALESFORCE_SFDX_SCANNER_AURA, SALESFORCE_SFDX_SCANNER_LWC, SPELL_CSPELL, SPELL_MISSPELL, SWIFT_SWIFTLINT, TSX_ESLINT, TYPESCRIPT_ES, TYPESCRIPT_PRETTIER, YAML_V8R
To receive reports as email, please set variable EMAIL_REPORTER_EMAIL
Listing all files in directory [/github/workspace], then filter with:
- File extensions: , .R, .RMD, .Rmd, .bash, .c, .c++, .cc, .cdxml, .clj, .cljc, .cljs, .coffee, .cpp, .cs, .css, .cu, .cuh, .cxx, .dart, .dash, .edn, .env, .feature, .go, .gradle, .graphql, .groovy, .gvy, .h, .h++, .hcl, .hh, .hpp, .htm, .html, .hxx, .java, .js, .json, .json5, .jsonc, .ksh, .kt, .kts, .lua, .md, .nf, .p6, .php, .pl, .pl6, .pm, .pm6, .pp, .proto, .ps1, .ps1xml, .psd1, .psm1, .psrc, .pssc, .py, .r, .raku, .rakumod, .rakutest, .rb, .rs, .rst, .saas, .scala, .scss, .sh, .smk, .sql, .t, .tex, .tf, .ts, .vb, .xml, .yaml, .yml
- File names (regex): Dockerfile, Jenkinsfile, Snakefile
Kept [95] files on [112] found files

+----MATCHING LINTERS--------------------+---------------------------------------------+----------------+------------+
| Descriptor  | Linter                   | Criteria                                    | Matching files | Format/Fix |
+-------------+--------------------------+---------------------------------------------+----------------+------------+
| ACTION      | actionlint               | .yml|.yaml                                  | 1              | no         |
| BASH        | bash-exec                | .sh|.bash|.dash|.ksh                        | 3              | no         |
| BASH        | shfmt                    | .sh|.bash|.dash|.ksh                        | 3              | yes        |
| CREDENTIALS | secretlint               |                                             | project        | no         |
| GIT         | git_diff                 |                                             | project        | no         |
| JSON        | jsonlint                 | .json                                       | 3              | no         |
| JSON        | eslint-plugin-jsonc      | .json|.json5|.jsonc                         | 3              | yes        |
| JSON        | prettier                 | .json                                       | 3              | yes        |
| MARKDOWN    | markdownlint             | .md                                         | 5              | yes        |
| MARKDOWN    | markdown-link-check      | .md                                         | 5              | no         |
| MARKDOWN    | markdown-table-formatter | .md                                         | 5              | yes        |
| OPENAPI     | spectral                 | .yml|.yaml|.json                            | 1              | no         |
| POWERSHELL  | powershell               | .ps1|.psm1|.psd1|.ps1xml|.pssc|.psrc|.cdxml | 2              | no         |
| YAML        | prettier                 | .yml|.yaml                                  | 2              | yes        |
| YAML        | yamllint                 | .yml|.yaml                                  | 2              | no         |
+-------------+--------------------------+---------------------------------------------+----------------+------------+


[1m### Processed [ACTION] files[0m
- Using [actionlint v1.6.6] https://rhysd.github.io/actionlint/
- Mega-Linter key: [ACTION_ACTIONLINT]
- Rules config: identified by [actionlint]
[actionlint] .github/workflows/mega-linter.yml
[32m✅ Linted [ACTION] files with [actionlint] successfully - (0.03s)[0m

[1m### Processed [BASH] files[0m
- Using [bash-exec v5.1.0] https://tiswww.case.edu/php/chet/bash/bashtop.html
- Mega-Linter key: [BASH_EXEC]
- Rules config: identified by [bash-exec]
[bash-exec] binutils/create-release-tarball.sh - SUCCESS - 0 error(s)
[bash-exec] binutils/docker-download.sh - SUCCESS - 0 error(s)
[bash-exec] setup.sh - SUCCESS - 0 error(s)
[32m✅ Linted [BASH] files with [bash-exec] successfully - (0.05s)[0m
[Text Reporter] Generated TEXT report: /github/workspace/report/linters_logs/SUCCESS-BASH_EXEC.log

[1m### Processed [BASH] files[0m
- Using [shfmt v3.3.1] https://github.com/mvdan/sh
- Mega-Linter key: [BASH_SHFMT]
- Rules config: identified by [shfmt]
[shfmt] binutils/create-release-tarball.sh - SUCCESS - 0 error(s)
[shfmt] binutils/docker-download.sh - SUCCESS - 0 error(s)
[shfmt] setup.sh - SUCCESS - 0 error(s)
[32m✅ Linted [BASH] files with [shfmt] successfully - (0.05s)[0m
[Text Reporter] Generated TEXT report: /github/workspace/report/linters_logs/SUCCESS-ACTION_ACTIONLINT.log
[Text Reporter] Generated TEXT report: /github/workspace/report/linters_logs/SUCCESS-BASH_SHFMT.log

[1m### Processed [GIT] files[0m
- Using [git_diff v2.30.2] https://git-scm.com
- Mega-Linter key: [GIT_GIT_DIFF]
- Rules config: identified by [git_diff]
[32m✅ Linted [GIT] files with [git_diff] successfully - (0.02s)[0m
[Text Reporter] Generated TEXT report: /github/workspace/report/linters_logs/SUCCESS-GIT_GIT_DIFF.log

[1m### Processed [JSON] files[0m
- Using [jsonlint v1.6.3] https://github.com/zaach/jsonlint
- Mega-Linter key: [JSON_JSONLINT]
- Rules config: identified by [jsonlint]
[jsonlint] .jscpd.json - SUCCESS - 0 error(s)
[jsonlint] .markdownlint.json - SUCCESS - 0 error(s)
[jsonlint] Api/Ocsinventory/Restapi/References/api.json - SUCCESS - 0 error(s)
[32m✅ Linted [JSON] files with [jsonlint] successfully - (0.73s)[0m

[1m### Processed [CREDENTIALS] files[0m
- Using [secretlint v4.1.0] https://github.com/secretlint/secretlint
- Mega-Linter key: [CREDENTIALS_SECRETLINT]
- Rules config: [.secretlintrc.json]
[32m✅ Linted [CREDENTIALS] files with [secretlint] successfully - (1.23s)[0m
[Text Reporter] Generated TEXT report: /github/workspace/report/linters_logs/SUCCESS-JSON_JSONLINT.log
[Text Reporter] Generated TEXT report: /github/workspace/report/linters_logs/SUCCESS-CREDENTIALS_SECRETLINT.log

[1m### Processed [MARKDOWN] files[0m
- Using [markdownlint v0.29.0] https://github.com/DavidAnson/markdownlint
- Mega-Linter key: [MARKDOWN_MARKDOWNLINT]
- Rules config: [.markdown-lint.json]
[markdownlint] .github/Contributing.md
[markdownlint] .github/ISSUE_TEMPLATE.md
[markdownlint] .github/PULL_REQUEST_TEMPLATE.md
[36m[markdownlint] Api/Ocsinventory/Restapi/README.md - FIXED[0m
[36m[markdownlint] README.md - FIXED[0m
[32m✅ Linted [MARKDOWN] files with [markdownlint] successfully - (0.39s)[0m
[Text Reporter] Generated TEXT report: /github/workspace/report/linters_logs/SUCCESS-MARKDOWN_MARKDOWNLINT.log

[1m### Processed [MARKDOWN] files[0m
- Using [markdown-link-check v0.0.0] https://github.com/tcort/markdown-link-check
- Mega-Linter key: [MARKDOWN_MARKDOWN_LINK_CHECK]
- Rules config: [.markdown-link-check.json]
[markdown-link-check] .github/Contributing.md - SUCCESS - 0 error(s)
[markdown-link-check] .github/ISSUE_TEMPLATE.md - SUCCESS - 0 error(s)
[markdown-link-check] .github/PULL_REQUEST_TEMPLATE.md - SUCCESS - 0 error(s)
[markdown-link-check] Api/Ocsinventory/Restapi/README.md - SUCCESS - 0 error(s)
[markdown-link-check] README.md - SUCCESS - 0 error(s)
[32m✅ Linted [MARKDOWN] files with [markdown-link-check] successfully - (3.45s)[0m
[Text Reporter] Generated TEXT report: /github/workspace/report/linters_logs/SUCCESS-MARKDOWN_MARKDOWN_LINK_CHECK.log

[1m### Processed [MARKDOWN] files[0m
- Using [markdown-table-formatter v1.2.0] https://www.npmjs.com/package/markdown-table-formatter
- Mega-Linter key: [MARKDOWN_MARKDOWN_TABLE_FORMATTER]
- Rules config: identified by [markdown-table-formatter]
[markdown-table-formatter] .github/Contributing.md
[markdown-table-formatter] .github/ISSUE_TEMPLATE.md
[markdown-table-formatter] .github/PULL_REQUEST_TEMPLATE.md
[36m[markdown-table-formatter] Api/Ocsinventory/Restapi/README.md - FIXED[0m
[36m[markdown-table-formatter] README.md - FIXED[0m
[32m✅ Linted [MARKDOWN] files with [markdown-table-formatter] successfully - (0.4s)[0m
[Text Reporter] Generated TEXT report: /github/workspace/report/linters_logs/SUCCESS-MARKDOWN_MARKDOWN_TABLE_FORMATTER.log

[1m### Processed [JSON] files[0m
- Using [eslint-plugin-jsonc v1.7.0] https://ota-meshi.github.io/eslint-plugin-jsonc/
- Mega-Linter key: [JSON_ESLINT_PLUGIN_JSONC]
- Rules config: [.eslintrc-json.json]
[eslint-plugin-jsonc] .jscpd.json
[eslint-plugin-jsonc] .markdownlint.json
[eslint-plugin-jsonc] Api/Ocsinventory/Restapi/References/api.json
[32m✅ Linted [JSON] files with [eslint-plugin-jsonc] successfully - (1.22s)[0m
[Text Reporter] Generated TEXT report: /github/workspace/report/linters_logs/SUCCESS-JSON_ESLINT_PLUGIN_JSONC.log

[1m### Processed [OPENAPI] files[0m
- Using [spectral v5.6.0] https://meta.stoplight.io/docs/spectral/README.md
- Mega-Linter key: [OPENAPI_SPECTRAL]
- Rules config: [.openapirc.yml]
[spectral] Api/Ocsinventory/Restapi/References/api.json - SUCCESS - 0 error(s)
[32m✅ Linted [OPENAPI] files with [spectral] successfully - (3.39s)[0m

[1m### Processed [JSON] files[0m
- Using [prettier v2.4.1] https://prettier.io/
- Mega-Linter key: [JSON_PRETTIER]
- Rules config: identified by [prettier]
[prettier] .jscpd.json
[prettier] .markdownlint.json
[prettier] Api/Ocsinventory/Restapi/References/api.json
[32m✅ Linted [JSON] files with [prettier] successfully - (1.32s)[0m
[Text Reporter] Generated TEXT report: /github/workspace/report/linters_logs/SUCCESS-OPENAPI_SPECTRAL.log
[Text Reporter] Generated TEXT report: /github/workspace/report/linters_logs/SUCCESS-JSON_PRETTIER.log

[1m### Processed [YAML] files[0m
- Using [prettier v2.4.1] https://prettier.io/
- Mega-Linter key: [YAML_PRETTIER]
- Rules config: identified by [prettier]
[prettier] .github/workflows/mega-linter.yml
[prettier] .mega-linter.yml
[32m✅ Linted [YAML] files with [prettier] successfully - (1.34s)[0m
[Text Reporter] Generated TEXT report: /github/workspace/report/linters_logs/SUCCESS-YAML_PRETTIER.log

[1m### Processed [POWERSHELL] files[0m
- Using [powershell v7.1.5] https://github.com/PowerShell/PSScriptAnalyzer
- Mega-Linter key: [POWERSHELL_POWERSHELL]
- Rules config: [/github/workspace/.powershell-psscriptanalyzer.psd1]
[powershell] .powershell-psscriptanalyzer.psd1 - SUCCESS - 0 error(s)
[powershell] binutils/ocsinventory-powershell-injector.ps1 - SUCCESS - 0 error(s)
[32m✅ Linted [POWERSHELL] files with [powershell] successfully - (2.71s)[0m

[1m### Processed [YAML] files[0m
- Using [yamllint v1.26.3] https://yamllint.readthedocs.io/
- Mega-Linter key: [YAML_YAMLLINT]
- Rules config: [.yamllint.yml]
[yamllint] .github/workflows/mega-linter.yml
[yamllint] .mega-linter.yml
[32m✅ Linted [YAML] files with [yamllint] successfully - (0.17s)[0m
[Text Reporter] Generated TEXT report: /github/workspace/report/linters_logs/SUCCESS-POWERSHELL_POWERSHELL.log
[Text Reporter] Generated TEXT report: /github/workspace/report/linters_logs/SUCCESS-YAML_YAMLLINT.log

+----SUMMARY-----+--------------------------+---------------+-------+-------+--------+--------------+
| Descriptor     | Linter                   | Mode          | Files | Fixed | Errors | Elapsed time |
+----------------+--------------------------+---------------+-------+-------+--------+--------------+
| ✅ ACTION      | actionlint               | list_of_files |     1 |       |      0 |        0.03s |
| ✅ BASH        | bash-exec                | file          |     3 |       |      0 |        0.05s |
| ✅ BASH        | shfmt                    | file          |     3 |     0 |      0 |        0.05s |
| ✅ CREDENTIALS | secretlint               | project       |   n/a |       |      0 |        1.23s |
| ✅ GIT         | git_diff                 | project       |   n/a |       |      0 |        0.02s |
| ✅ JSON        | eslint-plugin-jsonc      | list_of_files |     3 |     0 |      0 |        1.22s |
| ✅ JSON        | jsonlint                 | file          |     3 |       |      0 |        0.73s |
| ✅ JSON        | prettier                 | list_of_files |     3 |     0 |      0 |        1.32s |
| ✅ MARKDOWN    | markdownlint             | list_of_files |     5 |     2 |      0 |        0.39s |
| ✅ MARKDOWN    | markdown-link-check      | file          |     5 |       |      0 |        3.45s |
| ✅ MARKDOWN    | markdown-table-formatter | list_of_files |     5 |     2 |      0 |         0.4s |
| ✅ OPENAPI     | spectral                 | file          |     1 |       |      0 |        3.39s |
| ✅ POWERSHELL  | powershell               | file          |     2 |       |      0 |        2.71s |
| ✅ YAML        | prettier                 | list_of_files |     2 |     0 |      0 |        1.34s |
| ✅ YAML        | yamllint                 | list_of_files |     2 |       |      0 |        0.17s |
+----------------+--------------------------+---------------+-------+-------+--------+--------------+

[34mYou could have same capabilities but better runtime performances if you use a Mega-Linter flavor:[0m
- [dotnet] nvuillam/mega-linter/flavors/dotnet@v4 (47 linters) https://nvuillam.github.io/mega-linter/flavors/dotnet/

Identified PR#401 from environment
[GitHub Comment Reporter] Posted summary as comment on OCSInventory-NG/OCSInventory-Server #PR401
[Updated Sources Reporter] copied 1 fixed source files in folder /github/workspace/report/updated_sources.
Download it from artifacts then copy-paste it in your local repo to apply linters updates
✅ Successfully linted all files without errors
[33m#######################################################################[0m
[33mMEGA-LINTER HAS A NEW V5 VERSION at https://github.com/megalinter/megalinter. Please upgrade to it by:[0m
[33m- Running the command at the root of your repo (requires node.js): npx mega-linter-runner --upgrade[0m
[33m- Replace versions used by latest (v5 latest stable version) or beta (previously 'insiders', content of master branch of megalinter/megalinter)[0m
[33m#######################################################################[0m
